<?xml version="1.0" encoding="UTF-8"?>
<testsuite name="test" tests="0" skipped="0" failures="0" errors="0" timestamp="2024-09-10T11:16:50" hostname="subhankar-modern14b5m" time="0.000060693"/>